<?xml version="1.0" encoding="UTF-8"?>
<!-- Generated by org.testng.reporters.JUnitXMLReporter -->
<testsuite hostname="ST-LT-176" name="Default test" tests="3" failures="0" timestamp="3 Oct 2018 09:12:12 GMT" time="21.866" errors="0">
  <testcase name="verify_launch" time="14.318" classname="execution.TestExecution"/>
  <testcase name="verify_login" time="4.184" classname="execution.TestExecution"/>
  <testcase name="verify_branchclick" time="3.294" classname="execution.TestExecution"/>
</testsuite> <!-- Default test -->
