<?xml version="1.0" encoding="UTF-8" ?>
<testsuite tests="10" failures="9" name="execution.TestExecution" time="1.58" errors="0" skipped="1">
  <properties>
[...]
</properties>
  <testcase classname="execution.TestExecution" name="verify_launch" time="1.198">
    <skipped/>
    <system-out>Configuring TestNG with: org.apache.maven.surefire.testng.conf.TestNG652Configurator@5ccd43c2
</system-out>
  </testcase>
  <testcase classname="execution.TestExecution" name="verify_login" time="0.015">
    <failure type="java.lang.NullPointerException">java.lang.NullPointerException
	at pagelibrary.LoginPage.Username_editbox(LoginPage.java:11)
	at execution.Repository.login(Repository.java:62)
	at execution.TestExecution.verify_login(TestExecution.java:14)
</failure>
  </testcase>
  <testcase classname="execution.TestExecution" name="verify_branchclick" time="0">
    <failure type="java.lang.NullPointerException">java.lang.NullPointerException
	at pagelibrary.Admin.Branches_button(Admin.java:11)
	at execution.Repository.branches(Repository.java:125)
	at execution.TestExecution.verify_branchclick(TestExecution.java:26)
</failure>
  </testcase>
  <testcase classname="execution.TestExecution" name="verify_excel" time="0.336">
    <failure type="java.lang.NullPointerException">java.lang.NullPointerException
	at pagelibrary.Branches.New_Branch(Branches.java:11)
	at execution.Repository.New_Branch(Repository.java:145)
	at execution.TestExecution.verify_excel(TestExecution.java:78)
</failure>
  </testcase>
  <testcase classname="execution.TestExecution" name="verify_branchsearch" time="0">
    <failure type="java.lang.NullPointerException">java.lang.NullPointerException
	at pagelibrary.Branches.Country_Dropdown(Branches.java:15)
	at execution.Repository.branch_search(Repository.java:175)
	at execution.TestExecution.verify_branchsearch(TestExecution.java:42)
</failure>
  </testcase>
  <testcase classname="execution.TestExecution" name="verify_Role" time="0.016">
    <failure type="java.lang.NullPointerException">java.lang.NullPointerException
	at pagelibrary.Admin.Roles_button(Admin.java:16)
	at execution.Repository.Roles(Repository.java:201)
	at execution.TestExecution.verify_Role(TestExecution.java:47)
</failure>
  </testcase>
  <testcase classname="execution.TestExecution" name="verify_NewRole" time="0">
    <failure type="java.lang.NullPointerException">java.lang.NullPointerException
	at pagelibrary.Roles.New_Role(Roles.java:12)
	at execution.Repository.New_Role(Repository.java:220)
	at execution.TestExecution.verify_NewRole(TestExecution.java:52)
</failure>
  </testcase>
  <testcase classname="execution.TestExecution" name="verify_Employee" time="0">
    <failure type="java.lang.NullPointerException">java.lang.NullPointerException
	at pagelibrary.Admin.Employee_button(Admin.java:26)
	at execution.Repository.EmployeePage(Repository.java:244)
	at execution.TestExecution.verify_Employee(TestExecution.java:57)
</failure>
  </testcase>
  <testcase classname="execution.TestExecution" name="verify_NewEmployee" time="0.015">
    <failure type="java.lang.NullPointerException">java.lang.NullPointerException
	at pagelibrary.EmployeePage.New_Employee(EmployeePage.java:17)
	at execution.Repository.New_Employee(Repository.java:263)
	at execution.TestExecution.verify_NewEmployee(TestExecution.java:62)
</failure>
  </testcase>
  <testcase classname="execution.TestExecution" name="verify_WebTable" time="0">
    <failure type="java.lang.NullPointerException">java.lang.NullPointerException
	at pagelibrary.Admin.Branches_button(Admin.java:11)
	at execution.Repository.Web_Table(Repository.java:307)
	at execution.TestExecution.verify_WebTable(TestExecution.java:67)
</failure>
  </testcase>
</testsuite>