<?xml version="1.0" encoding="UTF-8"?>
<!-- Generated by org.testng.reporters.JUnitXMLReporter -->
<testsuite hostname="ST-LT-176" name="Command line test" tests="10" failures="9" timestamp="5 Oct 2018 09:46:19 GMT" time="0.414" errors="0">
  <testcase name="verify_launch" time="0.0" classname="execution.TestExecution">
    <skipped/>
  </testcase> <!-- verify_launch -->
  <testcase name="verify_login" time="0.0" classname="execution.TestExecution">
    <failure type="java.lang.NullPointerException">
      <![CDATA[java.lang.NullPointerException
	at pagelibrary.LoginPage.Username_editbox(LoginPage.java:11)
	at execution.Repository.login(Repository.java:62)
	at execution.TestExecution.verify_login(TestExecution.java:14)
... Removed 33 stack frames]]>
    </failure>
  </testcase> <!-- verify_login -->
  <testcase name="verify_branchclick" time="0.0" classname="execution.TestExecution">
    <failure type="java.lang.NullPointerException">
      <![CDATA[java.lang.NullPointerException
	at pagelibrary.Admin.Branches_button(Admin.java:11)
	at execution.Repository.branches(Repository.java:125)
	at execution.TestExecution.verify_branchclick(TestExecution.java:26)
... Removed 33 stack frames]]>
    </failure>
  </testcase> <!-- verify_branchclick -->
  <testcase name="verify_excel" time="0.336" classname="execution.TestExecution">
    <failure type="java.lang.NullPointerException">
      <![CDATA[java.lang.NullPointerException
	at pagelibrary.Branches.New_Branch(Branches.java:11)
	at execution.Repository.New_Branch(Repository.java:145)
	at execution.TestExecution.verify_excel(TestExecution.java:78)
... Removed 33 stack frames]]>
    </failure>
  </testcase> <!-- verify_excel -->
  <testcase name="verify_branchsearch" time="0.0" classname="execution.TestExecution">
    <failure type="java.lang.NullPointerException">
      <![CDATA[java.lang.NullPointerException
	at pagelibrary.Branches.Country_Dropdown(Branches.java:15)
	at execution.Repository.branch_search(Repository.java:175)
	at execution.TestExecution.verify_branchsearch(TestExecution.java:42)
... Removed 33 stack frames]]>
    </failure>
  </testcase> <!-- verify_branchsearch -->
  <testcase name="verify_Role" time="0.0" classname="execution.TestExecution">
    <failure type="java.lang.NullPointerException">
      <![CDATA[java.lang.NullPointerException
	at pagelibrary.Admin.Roles_button(Admin.java:16)
	at execution.Repository.Roles(Repository.java:201)
	at execution.TestExecution.verify_Role(TestExecution.java:47)
... Removed 33 stack frames]]>
    </failure>
  </testcase> <!-- verify_Role -->
  <testcase name="verify_NewRole" time="0.0" classname="execution.TestExecution">
    <failure type="java.lang.NullPointerException">
      <![CDATA[java.lang.NullPointerException
	at pagelibrary.Roles.New_Role(Roles.java:12)
	at execution.Repository.New_Role(Repository.java:220)
	at execution.TestExecution.verify_NewRole(TestExecution.java:52)
... Removed 33 stack frames]]>
    </failure>
  </testcase> <!-- verify_NewRole -->
  <testcase name="verify_Employee" time="0.0" classname="execution.TestExecution">
    <failure type="java.lang.NullPointerException">
      <![CDATA[java.lang.NullPointerException
	at pagelibrary.Admin.Employee_button(Admin.java:26)
	at execution.Repository.EmployeePage(Repository.java:244)
	at execution.TestExecution.verify_Employee(TestExecution.java:57)
... Removed 33 stack frames]]>
    </failure>
  </testcase> <!-- verify_Employee -->
  <testcase name="verify_NewEmployee" time="0.0" classname="execution.TestExecution">
    <failure type="java.lang.NullPointerException">
      <![CDATA[java.lang.NullPointerException
	at pagelibrary.EmployeePage.New_Employee(EmployeePage.java:17)
	at execution.Repository.New_Employee(Repository.java:263)
	at execution.TestExecution.verify_NewEmployee(TestExecution.java:62)
... Removed 33 stack frames]]>
    </failure>
  </testcase> <!-- verify_NewEmployee -->
  <testcase name="verify_WebTable" time="0.0" classname="execution.TestExecution">
    <failure type="java.lang.NullPointerException">
      <![CDATA[java.lang.NullPointerException
	at pagelibrary.Admin.Branches_button(Admin.java:11)
	at execution.Repository.Web_Table(Repository.java:307)
	at execution.TestExecution.verify_WebTable(TestExecution.java:67)
... Removed 33 stack frames]]>
    </failure>
  </testcase> <!-- verify_WebTable -->
</testsuite> <!-- Command line test -->
